<?xml version="1.0" encoding="UTF-8"?>
<!-- Generated by org.testng.reporters.JUnitReportReporter -->
<testsuite name="testing.API.Automation.Test_two" tests="1" time="1.484" ignored="0" failures="0" timestamp="21 Sep 2018 13:30:25 GMT" skipped="0" hostname="Hemalatha" errors="0">
  <testcase name="testing_API" time="1.484" classname="testing.API.Automation.Test_two"/>
</testsuite> <!-- testing.API.Automation.Test_two -->
