<?xml version="1.0" encoding="UTF-8"?>
<!-- Generated by org.testng.reporters.JUnitReportReporter -->
<testsuite name="testing.API.Automation.Test_One" tests="2" time="1.996" ignored="0" failures="0" timestamp="21 Sep 2018 14:22:00 GMT" skipped="0" hostname="Hemalatha" errors="0">
  <testcase name="invalid_check" time="1.525" classname="testing.API.Automation.Test_One"/>
  <testcase name="test_api" time="0.471" classname="testing.API.Automation.Test_One"/>
</testsuite> <!-- testing.API.Automation.Test_One -->
